# JRE version: OpenJDK Runtime Environment (11.0.13) (build 11.0.13+0-b1751.21-8125866)
# Java VM: OpenJDK 64-Bit Server VM (11.0.13+0-b1751.21-8125866, mixed mode, tiered, compressed oops, g1 gc, windows-amd64)
Heap:
 garbage-first heap   total 927744K, used 205121K [0x0000000703e00000, 0x0000000800000000)
  region size 1024K, 4 young (4096K), 4 survivors (4096K)
 Metaspace       used 46460K, capacity 47012K, committed 47312K, reserved 1091584K
  class space    used 5440K, capacity 5671K, committed 5760K, reserved 1048576K
GC Heap History (20 events):
Event: 3.348 GC heap after
{Heap after GC invocations=5 (full 0):
 garbage-first heap   total 260096K, used 47104K [0x0000000703e00000, 0x0000000800000000)
  region size 1024K, 2 young (2048K), 2 survivors (2048K)
 Metaspace       used 31494K, capacity 31971K, committed 32304K, reserved 1077248K
  class space    used 3734K, capacity 3909K, committed 3968K, reserved 1048576K
}
Event: 3.690 GC heap before
{Heap before GC invocations=5 (full 0):
 garbage-first heap   total 260096K, used 61440K [0x0000000703e00000, 0x0000000800000000)
  region size 1024K, 17 young (17408K), 2 survivors (2048K)
 Metaspace       used 35208K, capacity 35690K, committed 35920K, reserved 1081344K
  class space    used 4354K, capacity 4551K, committed 4608K, reserved 1048576K
}
Event: 3.696 GC heap after
{Heap after GC invocations=6 (full 0):
 garbage-first heap   total 260096K, used 48078K [0x0000000703e00000, 0x0000000800000000)
  region size 1024K, 3 young (3072K), 3 survivors (3072K)
 Metaspace       used 35208K, capacity 35690K, committed 35920K, reserved 1081344K
  class space    used 4354K, capacity 4551K, committed 4608K, reserved 1048576K
}
Event: 4.463 GC heap before
{Heap before GC invocations=7 (full 0):
 garbage-first heap   total 260096K, used 103374K [0x0000000703e00000, 0x0000000800000000)
  region size 1024K, 55 young (56320K), 3 survivors (3072K)
 Metaspace       used 41902K, capacity 42457K, committed 42704K, reserved 1087488K
  class space    used 4996K, capacity 5204K, committed 5248K, reserved 1048576K
}
Event: 4.472 GC heap after
{Heap after GC invocations=8 (full 0):
 garbage-first heap   total 312320K, used 55016K [0x0000000703e00000, 0x0000000800000000)
  region size 1024K, 7 young (7168K), 7 survivors (7168K)
 Metaspace       used 41902K, capacity 42457K, committed 42704K, reserved 1087488K
  class space    used 4996K, capacity 5204K, committed 5248K, reserved 1048576K
}
Event: 5.096 GC heap before
{Heap before GC invocations=8 (full 0):
 garbage-first heap   total 312320K, used 161512K [0x0000000703e00000, 0x0000000800000000)
  region size 1024K, 53 young (54272K), 7 survivors (7168K)
 Metaspace       used 43550K, capacity 44112K, committed 44368K, reserved 1089536K
  class space    used 5162K, capacity 5371K, committed 5376K, reserved 1048576K
}
Event: 5.143 GC heap after
{Heap after GC invocations=9 (full 0):
 garbage-first heap   total 312320K, used 138023K [0x0000000703e00000, 0x0000000800000000)
  region size 1024K, 7 young (7168K), 7 survivors (7168K)
 Metaspace       used 43550K, capacity 44112K, committed 44368K, reserved 1089536K
  class space    used 5162K, capacity 5371K, committed 5376K, reserved 1048576K
}
Event: 5.157 GC heap before
{Heap before GC invocations=9 (full 0):
 garbage-first heap   total 312320K, used 143143K [0x0000000703e00000, 0x0000000800000000)
  region size 1024K, 13 young (13312K), 7 survivors (7168K)
 Metaspace       used 43550K, capacity 44112K, committed 44368K, reserved 1089536K
  class space    used 5162K, capacity 5371K, committed 5376K, reserved 1048576K
}
Event: 5.173 GC heap after
{Heap after GC invocations=10 (full 0):
 garbage-first heap   total 312320K, used 146361K [0x0000000703e00000, 0x0000000800000000)
  region size 1024K, 6 young (6144K), 6 survivors (6144K)
 Metaspace       used 43550K, capacity 44112K, committed 44368K, reserved 1089536K
  class space    used 5162K, capacity 5371K, committed 5376K, reserved 1048576K
}
Event: 5.658 GC heap before
{Heap before GC invocations=11 (full 0):
 garbage-first heap   total 312320K, used 165817K [0x0000000703e00000, 0x0000000800000000)
  region size 1024K, 25 young (25600K), 6 survivors (6144K)
 Metaspace       used 43620K, capacity 44177K, committed 44368K, reserved 1089536K
  class space    used 5162K, capacity 5371K, committed 5376K, reserved 1048576K
}
Event: 5.704 GC heap after
{Heap after GC invocations=12 (full 0):
 garbage-first heap   total 312320K, used 156672K [0x0000000703e00000, 0x0000000800000000)
  region size 1024K, 4 young (4096K), 4 survivors (4096K)
 Metaspace       used 43620K, capacity 44177K, committed 44368K, reserved 1089536K
  class space    used 5162K, capacity 5371K, committed 5376K, reserved 1048576K
}
Event: 5.935 GC heap before
{Heap before GC invocations=12 (full 0):
 garbage-first heap   total 312320K, used 194560K [0x0000000703e00000, 0x0000000800000000)
  region size 1024K, 42 young (43008K), 4 survivors (4096K)
 Metaspace       used 43621K, capacity 44177K, committed 44368K, reserved 1089536K
  class space    used 5162K, capacity 5371K, committed 5376K, reserved 1048576K
}
Event: 6.040 GC heap after
{Heap after GC invocations=13 (full 0):
 garbage-first heap   total 463872K, used 193009K [0x0000000703e00000, 0x0000000800000000)
  region size 1024K, 6 young (6144K), 6 survivors (6144K)
 Metaspace       used 43621K, capacity 44177K, committed 44368K, reserved 1089536K
  class space    used 5162K, capacity 5371K, committed 5376K, reserved 1048576K
}
Event: 6.241 GC heap before
{Heap before GC invocations=14 (full 0):
 garbage-first heap   total 463872K, used 230897K [0x0000000703e00000, 0x0000000800000000)
  region size 1024K, 43 young (44032K), 6 survivors (6144K)
 Metaspace       used 43621K, capacity 44177K, committed 44368K, reserved 1089536K
  class space    used 5162K, capacity 5371K, committed 5376K, reserved 1048576K
}
Event: 6.327 GC heap after
{Heap after GC invocations=15 (full 0):
 garbage-first heap   total 463872K, used 229376K [0x0000000703e00000, 0x0000000800000000)
  region size 1024K, 6 young (6144K), 6 survivors (6144K)
 Metaspace       used 43621K, capacity 44177K, committed 44368K, reserved 1089536K
  class space    used 5162K, capacity 5371K, committed 5376K, reserved 1048576K
}
Event: 6.355 GC heap before
{Heap before GC invocations=15 (full 0):
 garbage-first heap   total 463872K, used 236544K [0x0000000703e00000, 0x0000000800000000)
  region size 1024K, 14 young (14336K), 6 survivors (6144K)
 Metaspace       used 43621K, capacity 44177K, committed 44368K, reserved 1089536K
  class space    used 5162K, capacity 5371K, committed 5376K, reserved 1048576K
}
Event: 6.382 GC heap after
{Heap after GC invocations=16 (full 0):
 garbage-first heap   total 463872K, used 239025K [0x0000000703e00000, 0x0000000800000000)
  region size 1024K, 7 young (7168K), 7 survivors (7168K)
 Metaspace       used 43621K, capacity 44177K, committed 44368K, reserved 1089536K
  class space    used 5162K, capacity 5371K, committed 5376K, reserved 1048576K
}
Event: 6.861 GC heap before
{Heap before GC invocations=17 (full 0):
 garbage-first heap   total 463872K, used 264625K [0x0000000703e00000, 0x0000000800000000)
  region size 1024K, 31 young (31744K), 7 survivors (7168K)
 Metaspace       used 44757K, capacity 45313K, committed 45648K, reserved 1089536K
  class space    used 5289K, capacity 5511K, committed 5632K, reserved 1048576K
}
Event: 6.916 GC heap after
{Heap after GC invocations=18 (full 0):
 garbage-first heap   total 463872K, used 259842K [0x0000000703e00000, 0x0000000800000000)
  region size 1024K, 7 young (7168K), 7 survivors (7168K)
 Metaspace       used 44757K, capacity 45313K, committed 45648K, reserved 1089536K
  class space    used 5289K, capacity 5511K, committed 5632K, reserved 1048576K
}
Event: 7.501 GC heap before
{Heap before GC invocations=19 (full 0):
 garbage-first heap   total 463872K, used 251650K [0x0000000703e00000, 0x0000000800000000)
  region size 1024K, 58 young (59392K), 7 survivors (7168K)
 Metaspace       used 46460K, capacity 47012K, committed 47312K, reserved 1091584K
  class space    used 5440K, capacity 5671K, committed 5760K, reserved 1048576K
}

