# JRE version: OpenJDK Runtime Environment (11.0.13) (build 11.0.13+0-b1751.21-8125866)
# Java VM: OpenJDK 64-Bit Server VM (11.0.13+0-b1751.21-8125866, mixed mode, tiered, compressed oops, g1 gc, windows-amd64)
Heap:
 garbage-first heap   total 1122304K, used 216064K [0x0000000703e00000, 0x0000000800000000)
  region size 1024K, 10 young (10240K), 10 survivors (10240K)
 Metaspace       used 47415K, capacity 48013K, committed 48080K, reserved 1091584K
  class space    used 5527K, capacity 5750K, committed 5760K, reserved 1048576K
GC Heap History (20 events):
Event: 3.019 GC heap after
{Heap after GC invocations=5 (full 0):
 garbage-first heap   total 260096K, used 47054K [0x0000000703e00000, 0x0000000800000000)
  region size 1024K, 2 young (2048K), 2 survivors (2048K)
 Metaspace       used 31497K, capacity 32035K, committed 32304K, reserved 1077248K
  class space    used 3733K, capacity 3909K, committed 3968K, reserved 1048576K
}
Event: 3.371 GC heap before
{Heap before GC invocations=5 (full 0):
 garbage-first heap   total 260096K, used 61390K [0x0000000703e00000, 0x0000000800000000)
  region size 1024K, 17 young (17408K), 2 survivors (2048K)
 Metaspace       used 35215K, capacity 35690K, committed 35920K, reserved 1081344K
  class space    used 4356K, capacity 4551K, committed 4608K, reserved 1048576K
}
Event: 3.377 GC heap after
{Heap after GC invocations=6 (full 0):
 garbage-first heap   total 260096K, used 48024K [0x0000000703e00000, 0x0000000800000000)
  region size 1024K, 3 young (3072K), 3 survivors (3072K)
 Metaspace       used 35215K, capacity 35690K, committed 35920K, reserved 1081344K
  class space    used 4356K, capacity 4551K, committed 4608K, reserved 1048576K
}
Event: 4.288 GC heap before
{Heap before GC invocations=7 (full 0):
 garbage-first heap   total 260096K, used 101272K [0x0000000703e00000, 0x0000000800000000)
  region size 1024K, 53 young (54272K), 3 survivors (3072K)
 Metaspace       used 41471K, capacity 42041K, committed 42448K, reserved 1087488K
  class space    used 4945K, capacity 5172K, committed 5248K, reserved 1048576K
}
Event: 4.296 GC heap after
{Heap after GC invocations=8 (full 0):
 garbage-first heap   total 312320K, used 54994K [0x0000000703e00000, 0x0000000800000000)
  region size 1024K, 7 young (7168K), 7 survivors (7168K)
 Metaspace       used 41471K, capacity 42041K, committed 42448K, reserved 1087488K
  class space    used 4945K, capacity 5172K, committed 5248K, reserved 1048576K
}
Event: 4.993 GC heap before
{Heap before GC invocations=8 (full 0):
 garbage-first heap   total 312320K, used 166610K [0x0000000703e00000, 0x0000000800000000)
  region size 1024K, 59 young (60416K), 7 survivors (7168K)
 Metaspace       used 43587K, capacity 44112K, committed 44368K, reserved 1089536K
  class space    used 5162K, capacity 5371K, committed 5376K, reserved 1048576K
}
Event: 5.051 GC heap after
{Heap after GC invocations=9 (full 0):
 garbage-first heap   total 312320K, used 142403K [0x0000000703e00000, 0x0000000800000000)
  region size 1024K, 8 young (8192K), 8 survivors (8192K)
 Metaspace       used 43587K, capacity 44112K, committed 44368K, reserved 1089536K
  class space    used 5162K, capacity 5371K, committed 5376K, reserved 1048576K
}
Event: 5.056 GC heap before
{Heap before GC invocations=9 (full 0):
 garbage-first heap   total 312320K, used 143427K [0x0000000703e00000, 0x0000000800000000)
  region size 1024K, 10 young (10240K), 8 survivors (8192K)
 Metaspace       used 43587K, capacity 44112K, committed 44368K, reserved 1089536K
  class space    used 5162K, capacity 5371K, committed 5376K, reserved 1048576K
}
Event: 5.078 GC heap after
{Heap after GC invocations=10 (full 0):
 garbage-first heap   total 312320K, used 145840K [0x0000000703e00000, 0x0000000800000000)
  region size 1024K, 2 young (2048K), 2 survivors (2048K)
 Metaspace       used 43587K, capacity 44112K, committed 44368K, reserved 1089536K
  class space    used 5162K, capacity 5371K, committed 5376K, reserved 1048576K
}
Event: 5.630 GC heap before
{Heap before GC invocations=11 (full 0):
 garbage-first heap   total 312320K, used 177584K [0x0000000703e00000, 0x0000000800000000)
  region size 1024K, 33 young (33792K), 2 survivors (2048K)
 Metaspace       used 43658K, capacity 44177K, committed 44368K, reserved 1089536K
  class space    used 5162K, capacity 5371K, committed 5376K, reserved 1048576K
}
Event: 5.712 GC heap after
{Heap after GC invocations=12 (full 0):
 garbage-first heap   total 312320K, used 166703K [0x0000000703e00000, 0x0000000800000000)
  region size 1024K, 5 young (5120K), 5 survivors (5120K)
 Metaspace       used 43658K, capacity 44177K, committed 44368K, reserved 1089536K
  class space    used 5162K, capacity 5371K, committed 5376K, reserved 1048576K
}
Event: 5.815 GC heap before
{Heap before GC invocations=12 (full 0):
 garbage-first heap   total 312320K, used 191279K [0x0000000703e00000, 0x0000000800000000)
  region size 1024K, 30 young (30720K), 5 survivors (5120K)
 Metaspace       used 43659K, capacity 44177K, committed 44368K, reserved 1089536K
  class space    used 5162K, capacity 5371K, committed 5376K, reserved 1048576K
}
Event: 5.901 GC heap after
{Heap after GC invocations=13 (full 0):
 garbage-first heap   total 561152K, used 191488K [0x0000000703e00000, 0x0000000800000000)
  region size 1024K, 4 young (4096K), 4 survivors (4096K)
 Metaspace       used 43659K, capacity 44177K, committed 44368K, reserved 1089536K
  class space    used 5162K, capacity 5371K, committed 5376K, reserved 1048576K
}
Event: 6.076 GC heap before
{Heap before GC invocations=13 (full 0):
 garbage-first heap   total 561152K, used 226304K [0x0000000703e00000, 0x0000000800000000)
  region size 1024K, 38 young (38912K), 4 survivors (4096K)
 Metaspace       used 43659K, capacity 44177K, committed 44368K, reserved 1089536K
  class space    used 5162K, capacity 5371K, committed 5376K, reserved 1048576K
}
Event: 6.153 GC heap after
{Heap after GC invocations=14 (full 0):
 garbage-first heap   total 561152K, used 225748K [0x0000000703e00000, 0x0000000800000000)
  region size 1024K, 5 young (5120K), 5 survivors (5120K)
 Metaspace       used 43659K, capacity 44177K, committed 44368K, reserved 1089536K
  class space    used 5162K, capacity 5371K, committed 5376K, reserved 1048576K
}
Event: 6.619 GC heap before
{Heap before GC invocations=15 (full 0):
 garbage-first heap   total 561152K, used 266708K [0x0000000703e00000, 0x0000000800000000)
  region size 1024K, 41 young (41984K), 5 survivors (5120K)
 Metaspace       used 45039K, capacity 45601K, committed 45904K, reserved 1089536K
  class space    used 5319K, capacity 5543K, committed 5632K, reserved 1048576K
}
Event: 6.691 GC heap after
{Heap after GC invocations=16 (full 0):
 garbage-first heap   total 561152K, used 260096K [0x0000000703e00000, 0x0000000800000000)
  region size 1024K, 6 young (6144K), 6 survivors (6144K)
 Metaspace       used 45039K, capacity 45601K, committed 45904K, reserved 1089536K
  class space    used 5319K, capacity 5543K, committed 5632K, reserved 1048576K
}
Event: 7.209 GC heap before
{Heap before GC invocations=16 (full 0):
 garbage-first heap   total 561152K, used 312320K [0x0000000703e00000, 0x0000000800000000)
  region size 1024K, 57 young (58368K), 6 survivors (6144K)
 Metaspace       used 46410K, capacity 46948K, committed 47312K, reserved 1091584K
  class space    used 5440K, capacity 5671K, committed 5760K, reserved 1048576K
}
Event: 7.222 GC heap after
{Heap after GC invocations=17 (full 0):
 garbage-first heap   total 561152K, used 266807K [0x0000000703e00000, 0x0000000800000000)
  region size 1024K, 4 young (4096K), 4 survivors (4096K)
 Metaspace       used 46410K, capacity 46948K, committed 47312K, reserved 1091584K
  class space    used 5440K, capacity 5671K, committed 5760K, reserved 1048576K
}
Event: 7.704 GC heap before
{Heap before GC invocations=18 (full 0):
 garbage-first heap   total 561152K, used 279095K [0x0000000703e00000, 0x0000000800000000)
  region size 1024K, 74 young (75776K), 4 survivors (4096K)
 Metaspace       used 47415K, capacity 48013K, committed 48080K, reserved 1091584K
  class space    used 5527K, capacity 5750K, committed 5760K, reserved 1048576K
}

