# JRE version: OpenJDK Runtime Environment (11.0.13) (build 11.0.13+0-b1751.21-8125866)
# Java VM: OpenJDK 64-Bit Server VM (11.0.13+0-b1751.21-8125866, mixed mode, tiered, compressed oops, g1 gc, windows-amd64)
Heap:
 garbage-first heap   total 548864K, used 197120K [0x0000000703e00000, 0x0000000800000000)
  region size 1024K, 4 young (4096K), 4 survivors (4096K)
 Metaspace       used 43806K, capacity 44322K, committed 44624K, reserved 1089536K
  class space    used 5168K, capacity 5374K, committed 5376K, reserved 1048576K
GC Heap History (20 events):
Event: 1.017 GC heap after
{Heap after GC invocations=1 (full 0):
 garbage-first heap   total 260096K, used 5797K [0x0000000703e00000, 0x0000000800000000)
  region size 1024K, 3 young (3072K), 3 survivors (3072K)
 Metaspace       used 12339K, capacity 12504K, committed 12800K, reserved 1060864K
  class space    used 1150K, capacity 1207K, committed 1280K, reserved 1048576K
}
Event: 1.831 GC heap before
{Heap before GC invocations=1 (full 0):
 garbage-first heap   total 260096K, used 41637K [0x0000000703e00000, 0x0000000800000000)
  region size 1024K, 39 young (39936K), 3 survivors (3072K)
 Metaspace       used 20859K, capacity 21144K, committed 21296K, reserved 1069056K
  class space    used 2246K, capacity 2348K, committed 2432K, reserved 1048576K
}
Event: 1.845 GC heap after
{Heap after GC invocations=2 (full 0):
 garbage-first heap   total 260096K, used 9271K [0x0000000703e00000, 0x0000000800000000)
  region size 1024K, 7 young (7168K), 7 survivors (7168K)
 Metaspace       used 20859K, capacity 21144K, committed 21296K, reserved 1069056K
  class space    used 2246K, capacity 2348K, committed 2432K, reserved 1048576K
}
Event: 3.048 GC heap before
{Heap before GC invocations=3 (full 0):
 garbage-first heap   total 260096K, used 67639K [0x0000000703e00000, 0x0000000800000000)
  region size 1024K, 57 young (58368K), 7 survivors (7168K)
 Metaspace       used 30989K, capacity 31477K, committed 31792K, reserved 1077248K
  class space    used 3690K, capacity 3875K, committed 3968K, reserved 1048576K
}
Event: 3.060 GC heap after
{Heap after GC invocations=4 (full 0):
 garbage-first heap   total 260096K, used 21939K [0x0000000703e00000, 0x0000000800000000)
  region size 1024K, 8 young (8192K), 8 survivors (8192K)
 Metaspace       used 30989K, capacity 31477K, committed 31792K, reserved 1077248K
  class space    used 3690K, capacity 3875K, committed 3968K, reserved 1048576K
}
Event: 3.451 GC heap before
{Heap before GC invocations=4 (full 0):
 garbage-first heap   total 260096K, used 130483K [0x0000000703e00000, 0x0000000800000000)
  region size 1024K, 15 young (15360K), 8 survivors (8192K)
 Metaspace       used 31566K, capacity 32099K, committed 32304K, reserved 1077248K
  class space    used 3733K, capacity 3909K, committed 3968K, reserved 1048576K
}
Event: 3.460 GC heap after
{Heap after GC invocations=5 (full 0):
 garbage-first heap   total 260096K, used 47104K [0x0000000703e00000, 0x0000000800000000)
  region size 1024K, 2 young (2048K), 2 survivors (2048K)
 Metaspace       used 31566K, capacity 32099K, committed 32304K, reserved 1077248K
  class space    used 3733K, capacity 3909K, committed 3968K, reserved 1048576K
}
Event: 3.794 GC heap before
{Heap before GC invocations=5 (full 0):
 garbage-first heap   total 260096K, used 61440K [0x0000000703e00000, 0x0000000800000000)
  region size 1024K, 17 young (17408K), 2 survivors (2048K)
 Metaspace       used 35212K, capacity 35689K, committed 35920K, reserved 1081344K
  class space    used 4346K, capacity 4551K, committed 4608K, reserved 1048576K
}
Event: 3.800 GC heap after
{Heap after GC invocations=6 (full 0):
 garbage-first heap   total 260096K, used 47863K [0x0000000703e00000, 0x0000000800000000)
  region size 1024K, 3 young (3072K), 3 survivors (3072K)
 Metaspace       used 35212K, capacity 35689K, committed 35920K, reserved 1081344K
  class space    used 4346K, capacity 4551K, committed 4608K, reserved 1048576K
}
Event: 4.679 GC heap before
{Heap before GC invocations=7 (full 0):
 garbage-first heap   total 260096K, used 102135K [0x0000000703e00000, 0x0000000800000000)
  region size 1024K, 54 young (55296K), 3 survivors (3072K)
 Metaspace       used 41577K, capacity 42104K, committed 42448K, reserved 1087488K
  class space    used 4951K, capacity 5172K, committed 5248K, reserved 1048576K
}
Event: 4.688 GC heap after
{Heap after GC invocations=8 (full 0):
 garbage-first heap   total 260096K, used 55715K [0x0000000703e00000, 0x0000000800000000)
  region size 1024K, 7 young (7168K), 7 survivors (7168K)
 Metaspace       used 41577K, capacity 42104K, committed 42448K, reserved 1087488K
  class space    used 4951K, capacity 5172K, committed 5248K, reserved 1048576K
}
Event: 5.595 GC heap before
{Heap before GC invocations=8 (full 0):
 garbage-first heap   total 260096K, used 166307K [0x0000000703e00000, 0x0000000800000000)
  region size 1024K, 57 young (58368K), 7 survivors (7168K)
 Metaspace       used 43801K, capacity 44322K, committed 44624K, reserved 1089536K
  class space    used 5168K, capacity 5374K, committed 5376K, reserved 1048576K
}
Event: 5.663 GC heap after
{Heap after GC invocations=9 (full 0):
 garbage-first heap   total 312320K, used 139735K [0x0000000703e00000, 0x0000000800000000)
  region size 1024K, 8 young (8192K), 8 survivors (8192K)
 Metaspace       used 43801K, capacity 44322K, committed 44624K, reserved 1089536K
  class space    used 5168K, capacity 5374K, committed 5376K, reserved 1048576K
}
Event: 5.685 GC heap before
{Heap before GC invocations=9 (full 0):
 garbage-first heap   total 312320K, used 143831K [0x0000000703e00000, 0x0000000800000000)
  region size 1024K, 13 young (13312K), 8 survivors (8192K)
 Metaspace       used 43801K, capacity 44322K, committed 44624K, reserved 1089536K
  class space    used 5168K, capacity 5374K, committed 5376K, reserved 1048576K
}
Event: 5.706 GC heap after
{Heap after GC invocations=10 (full 0):
 garbage-first heap   total 312320K, used 147296K [0x0000000703e00000, 0x0000000800000000)
  region size 1024K, 5 young (5120K), 5 survivors (5120K)
 Metaspace       used 43801K, capacity 44322K, committed 44624K, reserved 1089536K
  class space    used 5168K, capacity 5374K, committed 5376K, reserved 1048576K
}
Event: 6.112 GC heap before
{Heap before GC invocations=11 (full 0):
 garbage-first heap   total 312320K, used 157536K [0x0000000703e00000, 0x0000000800000000)
  region size 1024K, 15 young (15360K), 5 survivors (5120K)
 Metaspace       used 43806K, capacity 44322K, committed 44624K, reserved 1089536K
  class space    used 5168K, capacity 5374K, committed 5376K, reserved 1048576K
}
Event: 6.136 GC heap after
{Heap after GC invocations=12 (full 0):
 garbage-first heap   total 312320K, used 148870K [0x0000000703e00000, 0x0000000800000000)
  region size 1024K, 2 young (2048K), 2 survivors (2048K)
 Metaspace       used 43806K, capacity 44322K, committed 44624K, reserved 1089536K
  class space    used 5168K, capacity 5374K, committed 5376K, reserved 1048576K
}
Event: 6.401 GC heap before
{Heap before GC invocations=12 (full 0):
 garbage-first heap   total 312320K, used 178566K [0x0000000703e00000, 0x0000000800000000)
  region size 1024K, 31 young (31744K), 2 survivors (2048K)
 Metaspace       used 43806K, capacity 44322K, committed 44624K, reserved 1089536K
  class space    used 5168K, capacity 5374K, committed 5376K, reserved 1048576K
}
Event: 6.471 GC heap after
{Heap after GC invocations=13 (full 0):
 garbage-first heap   total 312320K, used 175793K [0x0000000703e00000, 0x0000000800000000)
  region size 1024K, 4 young (4096K), 4 survivors (4096K)
 Metaspace       used 43806K, capacity 44322K, committed 44624K, reserved 1089536K
  class space    used 5168K, capacity 5374K, committed 5376K, reserved 1048576K
}
Event: 6.594 GC heap before
{Heap before GC invocations=13 (full 0):
 garbage-first heap   total 312320K, used 197297K [0x0000000703e00000, 0x0000000800000000)
  region size 1024K, 25 young (25600K), 4 survivors (4096K)
 Metaspace       used 43806K, capacity 44322K, committed 44624K, reserved 1089536K
  class space    used 5168K, capacity 5374K, committed 5376K, reserved 1048576K
}

