# JRE version: OpenJDK Runtime Environment (11.0.13) (build 11.0.13+0-b1751.21-8125866)
# Java VM: OpenJDK 64-Bit Server VM (11.0.13+0-b1751.21-8125866, mixed mode, tiered, compressed oops, g1 gc, windows-amd64)
Heap:
 garbage-first heap   total 312320K, used 46963K [0x0000000703e00000, 0x0000000800000000)
  region size 1024K, 2 young (2048K), 2 survivors (2048K)
 Metaspace       used 31595K, capacity 32099K, committed 32304K, reserved 1077248K
  class space    used 3733K, capacity 3909K, committed 3968K, reserved 1048576K
GC Heap History (9 events):
Event: 1.231 GC heap before
{Heap before GC invocations=0 (full 0):
 garbage-first heap   total 260096K, used 27648K [0x0000000703e00000, 0x0000000800000000)
  region size 1024K, 24 young (24576K), 0 survivors (0K)
 Metaspace       used 12351K, capacity 12504K, committed 12800K, reserved 1060864K
  class space    used 1150K, capacity 1207K, committed 1280K, reserved 1048576K
}
Event: 1.238 GC heap after
{Heap after GC invocations=1 (full 0):
 garbage-first heap   total 260096K, used 5763K [0x0000000703e00000, 0x0000000800000000)
  region size 1024K, 3 young (3072K), 3 survivors (3072K)
 Metaspace       used 12351K, capacity 12504K, committed 12800K, reserved 1060864K
  class space    used 1150K, capacity 1207K, committed 1280K, reserved 1048576K
}
Event: 2.403 GC heap before
{Heap before GC invocations=1 (full 0):
 garbage-first heap   total 260096K, used 41603K [0x0000000703e00000, 0x0000000800000000)
  region size 1024K, 39 young (39936K), 3 survivors (3072K)
 Metaspace       used 20857K, capacity 21142K, committed 21296K, reserved 1069056K
  class space    used 2241K, capacity 2347K, committed 2432K, reserved 1048576K
}
Event: 2.426 GC heap after
{Heap after GC invocations=2 (full 0):
 garbage-first heap   total 260096K, used 9272K [0x0000000703e00000, 0x0000000800000000)
  region size 1024K, 7 young (7168K), 7 survivors (7168K)
 Metaspace       used 20857K, capacity 21142K, committed 21296K, reserved 1069056K
  class space    used 2241K, capacity 2347K, committed 2432K, reserved 1048576K
}
Event: 3.681 GC heap before
{Heap before GC invocations=3 (full 0):
 garbage-first heap   total 260096K, used 65592K [0x0000000703e00000, 0x0000000800000000)
  region size 1024K, 55 young (56320K), 7 survivors (7168K)
 Metaspace       used 31011K, capacity 31477K, committed 31792K, reserved 1077248K
  class space    used 3690K, capacity 3875K, committed 3968K, reserved 1048576K
}
Event: 3.699 GC heap after
{Heap after GC invocations=4 (full 0):
 garbage-first heap   total 260096K, used 21292K [0x0000000703e00000, 0x0000000800000000)
  region size 1024K, 7 young (7168K), 7 survivors (7168K)
 Metaspace       used 31011K, capacity 31477K, committed 31792K, reserved 1077248K
  class space    used 3690K, capacity 3875K, committed 3968K, reserved 1048576K
}
Event: 3.802 GC heap before
{Heap before GC invocations=4 (full 0):
 garbage-first heap   total 260096K, used 29484K [0x0000000703e00000, 0x0000000800000000)
  region size 1024K, 15 young (15360K), 7 survivors (7168K)
 Metaspace       used 31444K, capacity 31964K, committed 32304K, reserved 1077248K
  class space    used 3731K, capacity 3908K, committed 3968K, reserved 1048576K
}
Event: 3.815 GC heap after
{Heap after GC invocations=5 (full 0):
 garbage-first heap   total 260096K, used 24576K [0x0000000703e00000, 0x0000000800000000)
  region size 1024K, 2 young (2048K), 2 survivors (2048K)
 Metaspace       used 31444K, capacity 31964K, committed 32304K, reserved 1077248K
  class space    used 3731K, capacity 3908K, committed 3968K, reserved 1048576K
}
Event: 4.154 GC heap before
{Heap before GC invocations=5 (full 0):
 garbage-first heap   total 260096K, used 103424K [0x0000000703e00000, 0x0000000800000000)
  region size 1024K, 3 young (3072K), 2 survivors (2048K)
 Metaspace       used 31595K, capacity 32099K, committed 32304K, reserved 1077248K
  class space    used 3733K, capacity 3909K, committed 3968K, reserved 1048576K
}

